<?xml version="1.0" encoding="UTF-8"?>
<!-- Generated by org.testng.reporters.JUnitXMLReporter -->
<testsuite ignored="0" hostname="DESKTOP-88991P0" failures="0" tests="3" name="Login Test" time="17.359" errors="0" timestamp="2022-06-09T15:18:13 PKT">
  <testcase classname="webTestCases.controlPanel.Login" name="correctCred" time="0.306"/>
  <testcase classname="webTestCases.controlPanel.Login" name="invalidCred" time="1.702"/>
  <testcase classname="webTestCases.controlPanel.Login" name="invalidPass" time="3.007"/>
</testsuite> <!-- Login Test -->
