<?xml version="1.0" encoding="UTF-8"?>
<!-- Generated by org.testng.reporters.JUnitXMLReporter -->
<testsuite ignored="0" hostname="DESKTOP-88991P0" failures="1" tests="1" name="idating navigation Bar " time="10.837" errors="0" timestamp="2022-03-21T11:52:37 PKT">
  <testcase classname="controlPanel.users.BusinessRegister" name="registerBusiness" time="5.336">
    <failure type="java.lang.NullPointerException">
      <![CDATA[java.lang.NullPointerException
at controlPanel.users.BusinessRegister.registerBusiness(BusinessRegister.java:33)
at java.base/java.util.ArrayList.forEach(ArrayList.java:1541)
... Removed 27 stack frames]]>
    </failure>
  </testcase> <!-- registerBusiness -->
</testsuite> <!-- idating navigation Bar  -->
